No changes to commit
No changes to commit
No changes to commit
No changes to commit
No changes to commit
No changes to commit
No changes to commit
No changes to commit
No changes to commit
No changes to commit
SyntaxError: Non-UTF-8 code starting with '\x80' in file /home/user/Documents/Ansible_Leap_Project/ANS-OpenSu15.5RaspberryPie/venv/bin/python on line 2, but no encoding declared; see http://python.org/dev/peps/pep-0263/ for details
No changes to commit
[main ffa7b8f] auto commit
 Committer: Parrot Live user <user@localhost.localdomain>
Your name and email address were configured automatically based
on your username and hostname. Please check that they are accurate.
You can suppress this message by setting them explicitly:

    git config --global user.name "Your Name"
    git config --global user.email you@example.com

After doing this, you may fix the identity used for this commit with:

    git commit --amend --reset-author

 878 files changed, 129525 insertions(+)
 create mode 100755 git_auto_push.py
 create mode 100644 newfileTestforAutocommit.md
 create mode 100644 nohup.out
 create mode 100644 venv/bin/Activate.ps1
 create mode 100644 venv/bin/activate
 create mode 100644 venv/bin/activate.csh
 create mode 100644 venv/bin/activate.fish
 create mode 100755 venv/bin/easy_install
 create mode 100755 venv/bin/easy_install-3.9
 create mode 100755 venv/bin/echo_supervisord_conf
 create mode 100755 venv/bin/pidproxy
 create mode 100755 venv/bin/pip
 create mode 100755 venv/bin/pip3
 create mode 100755 venv/bin/pip3.9
 create mode 120000 venv/bin/python
 create mode 120000 venv/bin/python3
 create mode 120000 venv/bin/python3.9
 create mode 100755 venv/bin/supervisorctl
 create mode 100755 venv/bin/supervisord
 create mode 100644 venv/lib/python3.9/site-packages/GitPython-3.1.32.dist-info/AUTHORS
 create mode 100644 venv/lib/python3.9/site-packages/GitPython-3.1.32.dist-info/INSTALLER
 create mode 100644 venv/lib/python3.9/site-packages/GitPython-3.1.32.dist-info/LICENSE
 create mode 100644 venv/lib/python3.9/site-packages/GitPython-3.1.32.dist-info/METADATA
 create mode 100644 venv/lib/python3.9/site-packages/GitPython-3.1.32.dist-info/RECORD
 create mode 100644 venv/lib/python3.9/site-packages/GitPython-3.1.32.dist-info/REQUESTED
 create mode 100644 venv/lib/python3.9/site-packages/GitPython-3.1.32.dist-info/WHEEL
 create mode 100644 venv/lib/python3.9/site-packages/GitPython-3.1.32.dist-info/top_level.txt
 create mode 100644 venv/lib/python3.9/site-packages/__pycache__/easy_install.cpython-39.pyc
 create mode 100644 venv/lib/python3.9/site-packages/easy_install.py
 create mode 100644 venv/lib/python3.9/site-packages/git/__init__.py
 create mode 100644 venv/lib/python3.9/site-packages/git/__pycache__/__init__.cpython-39.pyc
 create mode 100644 venv/lib/python3.9/site-packages/git/__pycache__/cmd.cpython-39.pyc
 create mode 100644 venv/lib/python3.9/site-packages/git/__pycache__/compat.cpython-39.pyc
 create mode 100644 venv/lib/python3.9/site-packages/git/__pycache__/config.cpython-39.pyc
 create mode 100644 venv/lib/python3.9/site-packages/git/__pycache__/db.cpython-39.pyc
 create mode 100644 venv/lib/python3.9/site-packages/git/__pycache__/diff.cpython-39.pyc
 create mode 100644 venv/lib/python3.9/site-packages/git/__pycache__/exc.cpython-39.pyc
 create mode 100644 venv/lib/python3.9/site-packages/git/__pycache__/remote.cpython-39.pyc
 create mode 100644 venv/lib/python3.9/site-packages/git/__pycache__/types.cpython-39.pyc
 create mode 100644 venv/lib/python3.9/site-packages/git/__pycache__/util.cpython-39.pyc
 create mode 100644 venv/lib/python3.9/site-packages/git/cmd.py
 create mode 100644 venv/lib/python3.9/site-packages/git/compat.py
 create mode 100644 venv/lib/python3.9/site-packages/git/config.py
 create mode 100644 venv/lib/python3.9/site-packages/git/db.py
 create mode 100644 venv/lib/python3.9/site-packages/git/diff.py
 create mode 100644 venv/lib/python3.9/site-packages/git/exc.py
 create mode 100644 venv/lib/python3.9/site-packages/git/index/__init__.py
 create mode 100644 venv/lib/python3.9/site-packages/git/index/__pycache__/__init__.cpython-39.pyc
 create mode 100644 venv/lib/python3.9/site-packages/git/index/__pycache__/base.cpython-39.pyc
 create mode 100644 venv/lib/python3.9/site-packages/git/index/__pycache__/fun.cpython-39.pyc
 create mode 100644 venv/lib/python3.9/site-packages/git/index/__pycache__/typ.cpython-39.pyc
 create mode 100644 venv/lib/python3.9/site-packages/git/index/__pycache__/util.cpython-39.pyc
 create mode 100644 venv/lib/python3.9/site-packages/git/index/base.py
 create mode 100644 venv/lib/python3.9/site-packages/git/index/fun.py
 create mode 100644 venv/lib/python3.9/site-packages/git/index/typ.py
 create mode 100644 venv/lib/python3.9/site-packages/git/index/util.py
 create mode 100644 venv/lib/python3.9/site-packages/git/objects/__init__.py
 create mode 100644 venv/lib/python3.9/site-packages/git/objects/__pycache__/__init__.cpython-39.pyc
 create mode 100644 venv/lib/python3.9/site-packages/git/objects/__pycache__/base.cpython-39.pyc
 create mode 100644 venv/lib/python3.9/site-packages/git/objects/__pycache__/blob.cpython-39.pyc
 create mode 100644 venv/lib/python3.9/site-packages/git/objects/__pycache__/commit.cpython-39.pyc
 create mode 100644 venv/lib/python3.9/site-packages/git/objects/__pycache__/fun.cpython-39.pyc
 create mode 100644 venv/lib/python3.9/site-packages/git/objects/__pycache__/tag.cpython-39.pyc
 create mode 100644 venv/lib/python3.9/site-packages/git/objects/__pycache__/tree.cpython-39.pyc
 create mode 100644 venv/lib/python3.9/site-packages/git/objects/__pycache__/util.cpython-39.pyc
 create mode 100644 venv/lib/python3.9/site-packages/git/objects/base.py
 create mode 100644 venv/lib/python3.9/site-packages/git/objects/blob.py
 create mode 100644 venv/lib/python3.9/site-packages/git/objects/commit.py
 create mode 100644 venv/lib/python3.9/site-packages/git/objects/fun.py
 create mode 100644 venv/lib/python3.9/site-packages/git/objects/submodule/__init__.py
 create mode 100644 venv/lib/python3.9/site-packages/git/objects/submodule/__pycache__/__init__.cpython-39.pyc
 create mode 100644 venv/lib/python3.9/site-packages/git/objects/submodule/__pycache__/base.cpython-39.pyc
 create mode 100644 venv/lib/python3.9/site-packages/git/objects/submodule/__pycache__/root.cpython-39.pyc
 create mode 100644 venv/lib/python3.9/site-packages/git/objects/submodule/__pycache__/util.cpython-39.pyc
 create mode 100644 venv/lib/python3.9/site-packages/git/objects/submodule/base.py
 create mode 100644 venv/lib/python3.9/site-packages/git/objects/submodule/root.py
 create mode 100644 venv/lib/python3.9/site-packages/git/objects/submodule/util.py
 create mode 100644 venv/lib/python3.9/site-packages/git/objects/tag.py
 create mode 100644 venv/lib/python3.9/site-packages/git/objects/tree.py
 create mode 100644 venv/lib/python3.9/site-packages/git/objects/util.py
 create mode 100644 venv/lib/python3.9/site-packages/git/py.typed
 create mode 100644 venv/lib/python3.9/site-packages/git/refs/__init__.py
 create mode 100644 venv/lib/python3.9/site-packages/git/refs/__pycache__/__init__.cpython-39.pyc
 create mode 100644 venv/lib/python3.9/site-packages/git/refs/__pycache__/head.cpython-39.pyc
 create mode 100644 venv/lib/python3.9/site-packages/git/refs/__pycache__/log.cpython-39.pyc
 create mode 100644 venv/lib/python3.9/site-packages/git/refs/__pycache__/reference.cpython-39.pyc
 create mode 100644 venv/lib/python3.9/site-packages/git/refs/__pycache__/remote.cpython-39.pyc
 create mode 100644 venv/lib/python3.9/site-packages/git/refs/__pycache__/symbolic.cpython-39.pyc
 create mode 100644 venv/lib/python3.9/site-packages/git/refs/__pycache__/tag.cpython-39.pyc
 create mode 100644 venv/lib/python3.9/site-packages/git/refs/head.py
 create mode 100644 venv/lib/python3.9/site-packages/git/refs/log.py
 create mode 100644 venv/lib/python3.9/site-packages/git/refs/reference.py
 create mode 100644 venv/lib/python3.9/site-packages/git/refs/remote.py
 create mode 100644 venv/lib/python3.9/site-packages/git/refs/symbolic.py
 create mode 100644 venv/lib/python3.9/site-packages/git/refs/tag.py
 create mode 100644 venv/lib/python3.9/site-packages/git/remote.py
 create mode 100644 venv/lib/python3.9/site-packages/git/repo/__init__.py
 create mode 100644 venv/lib/python3.9/site-packages/git/repo/__pycache__/__init__.cpython-39.pyc
 create mode 100644 venv/lib/python3.9/site-packages/git/repo/__pycache__/base.cpython-39.pyc
 create mode 100644 venv/lib/python3.9/site-packages/git/repo/__pycache__/fun.cpython-39.pyc
 create mode 100644 venv/lib/python3.9/site-packages/git/repo/base.py
 create mode 100644 venv/lib/python3.9/site-packages/git/repo/fun.py
 create mode 100644 venv/lib/python3.9/site-packages/git/types.py
 create mode 100644 venv/lib/python3.9/site-packages/git/util.py
 create mode 100644 venv/lib/python3.9/site-packages/gitdb-4.0.10.dist-info/AUTHORS
 create mode 100644 venv/lib/python3.9/site-packages/gitdb-4.0.10.dist-info/INSTALLER
 create mode 100644 venv/lib/python3.9/site-packages/gitdb-4.0.10.dist-info/LICENSE
 create mode 100644 venv/lib/python3.9/site-packages/gitdb-4.0.10.dist-info/METADATA
 create mode 100644 venv/lib/python3.9/site-packages/gitdb-4.0.10.dist-info/RECORD
 create mode 100644 venv/lib/python3.9/site-packages/gitdb-4.0.10.dist-info/WHEEL
 create mode 100644 venv/lib/python3.9/site-packages/gitdb-4.0.10.dist-info/top_level.txt
 create mode 100644 venv/lib/python3.9/site-packages/gitdb/__init__.py
 create mode 100644 venv/lib/python3.9/site-packages/gitdb/__pycache__/__init__.cpython-39.pyc
 create mode 100644 venv/lib/python3.9/site-packages/gitdb/__pycache__/base.cpython-39.pyc
 create mode 100644 venv/lib/python3.9/site-packages/gitdb/__pycache__/const.cpython-39.pyc
 create mode 100644 venv/lib/python3.9/site-packages/gitdb/__pycache__/exc.cpython-39.pyc
 create mode 100644 venv/lib/python3.9/site-packages/gitdb/__pycache__/fun.cpython-39.pyc
 create mode 100644 venv/lib/python3.9/site-packages/gitdb/__pycache__/pack.cpython-39.pyc
 create mode 100644 venv/lib/python3.9/site-packages/gitdb/__pycache__/stream.cpython-39.pyc
 create mode 100644 venv/lib/python3.9/site-packages/gitdb/__pycache__/typ.cpython-39.pyc
 create mode 100644 venv/lib/python3.9/site-packages/gitdb/__pycache__/util.cpython-39.pyc
 create mode 100644 venv/lib/python3.9/site-packages/gitdb/base.py
 create mode 100644 venv/lib/python3.9/site-packages/gitdb/const.py
 create mode 100644 venv/lib/python3.9/site-packages/gitdb/db/__init__.py
 create mode 100644 venv/lib/python3.9/site-packages/gitdb/db/__pycache__/__init__.cpython-39.pyc
 create mode 100644 venv/lib/python3.9/site-packages/gitdb/db/__pycache__/base.cpython-39.pyc
 create mode 100644 venv/lib/python3.9/site-packages/gitdb/db/__pycache__/git.cpython-39.pyc
 create mode 100644 venv/lib/python3.9/site-packages/gitdb/db/__pycache__/loose.cpython-39.pyc
 create mode 100644 venv/lib/python3.9/site-packages/gitdb/db/__pycache__/mem.cpython-39.pyc
 create mode 100644 venv/lib/python3.9/site-packages/gitdb/db/__pycache__/pack.cpython-39.pyc
 create mode 100644 venv/lib/python3.9/site-packages/gitdb/db/__pycache__/ref.cpython-39.pyc
 create mode 100644 venv/lib/python3.9/site-packages/gitdb/db/base.py
 create mode 100644 venv/lib/python3.9/site-packages/gitdb/db/git.py
 create mode 100644 venv/lib/python3.9/site-packages/gitdb/db/loose.py
 create mode 100644 venv/lib/python3.9/site-packages/gitdb/db/mem.py
 create mode 100644 venv/lib/python3.9/site-packages/gitdb/db/pack.py
 create mode 100644 venv/lib/python3.9/site-packages/gitdb/db/ref.py
 create mode 100644 venv/lib/python3.9/site-packages/gitdb/exc.py
 create mode 100644 venv/lib/python3.9/site-packages/gitdb/fun.py
 create mode 100644 venv/lib/python3.9/site-packages/gitdb/pack.py
 create mode 100644 venv/lib/python3.9/site-packages/gitdb/stream.py
 create mode 100644 venv/lib/python3.9/site-packages/gitdb/test/__init__.py
 create mode 100644 venv/lib/python3.9/site-packages/gitdb/test/__pycache__/__init__.cpython-39.pyc
 create mode 100644 venv/lib/python3.9/site-packages/gitdb/test/__pycache__/lib.cpython-39.pyc
 create mode 100644 venv/lib/python3.9/site-packages/gitdb/test/__pycache__/test_base.cpython-39.pyc
 create mode 100644 venv/lib/python3.9/site-packages/gitdb/test/__pycache__/test_example.cpython-39.pyc
 create mode 100644 venv/lib/python3.9/site-packages/gitdb/test/__pycache__/test_pack.cpython-39.pyc
 create mode 100644 venv/lib/python3.9/site-packages/gitdb/test/__pycache__/test_stream.cpython-39.pyc
 create mode 100644 venv/lib/python3.9/site-packages/gitdb/test/__pycache__/test_util.cpython-39.pyc
 create mode 100644 venv/lib/python3.9/site-packages/gitdb/test/lib.py
 create mode 100644 venv/lib/python3.9/site-packages/gitdb/test/test_base.py
 create mode 100644 venv/lib/python3.9/site-packages/gitdb/test/test_example.py
 create mode 100644 venv/lib/python3.9/site-packages/gitdb/test/test_pack.py
 create mode 100644 venv/lib/python3.9/site-packages/gitdb/test/test_stream.py
 create mode 100644 venv/lib/python3.9/site-packages/gitdb/test/test_util.py
 create mode 100644 venv/lib/python3.9/site-packages/gitdb/typ.py
 create mode 100644 venv/lib/python3.9/site-packages/gitdb/util.py
 create mode 100644 venv/lib/python3.9/site-packages/gitdb/utils/__init__.py
 create mode 100644 venv/lib/python3.9/site-packages/gitdb/utils/__pycache__/__init__.cpython-39.pyc
 create mode 100644 venv/lib/python3.9/site-packages/gitdb/utils/__pycache__/encoding.cpython-39.pyc
 create mode 100644 venv/lib/python3.9/site-packages/gitdb/utils/encoding.py
 create mode 100644 venv/lib/python3.9/site-packages/pip-20.3.4.dist-info/INSTALLER
 create mode 100644 venv/lib/python3.9/site-packages/pip-20.3.4.dist-info/LICENSE.txt
 create mode 100644 venv/lib/python3.9/site-packages/pip-20.3.4.dist-info/METADATA
 create mode 100644 venv/lib/python3.9/site-packages/pip-20.3.4.dist-info/RECORD
 create mode 100644 venv/lib/python3.9/site-packages/pip-20.3.4.dist-info/REQUESTED
 create mode 100644 venv/lib/python3.9/site-packages/pip-20.3.4.dist-info/WHEEL
 create mode 100644 venv/lib/python3.9/site-packages/pip-20.3.4.dist-info/entry_points.txt
 create mode 100644 venv/lib/python3.9/site-packages/pip-20.3.4.dist-info/top_level.txt
 create mode 100644 venv/lib/python3.9/site-packages/pip/__init__.py
 create mode 100644 venv/lib/python3.9/site-packages/pip/__main__.py
 create mode 100644 venv/lib/python3.9/site-packages/pip/__pycache__/__init__.cpython-39.pyc
 create mode 100644 venv/lib/python3.9/site-packages/pip/__pycache__/__main__.cpython-39.pyc
 create mode 100644 venv/lib/python3.9/site-packages/pip/_internal/__init__.py
 create mode 100644 venv/lib/python3.9/site-packages/pip/_internal/__pycache__/__init__.cpython-39.pyc
 create mode 100644 venv/lib/python3.9/site-packages/pip/_internal/__pycache__/build_env.cpython-39.pyc
 create mode 100644 venv/lib/python3.9/site-packages/pip/_internal/__pycache__/cache.cpython-39.pyc
 create mode 100644 venv/lib/python3.9/site-packages/pip/_internal/__pycache__/configuration.cpython-39.pyc
 create mode 100644 venv/lib/python3.9/site-packages/pip/_internal/__pycache__/exceptions.cpython-39.pyc
 create mode 100644 venv/lib/python3.9/site-packages/pip/_internal/__pycache__/locations.cpython-39.pyc
 create mode 100644 venv/lib/python3.9/site-packages/pip/_internal/__pycache__/main.cpython-39.pyc
 create mode 100644 venv/lib/python3.9/site-packages/pip/_internal/__pycache__/pyproject.cpython-39.pyc
 create mode 100644 venv/lib/python3.9/site-packages/pip/_internal/__pycache__/self_outdated_check.cpython-39.pyc
 create mode 100644 venv/lib/python3.9/site-packages/pip/_internal/__pycache__/wheel_builder.cpython-39.pyc
 create mode 100644 venv/lib/python3.9/site-packages/pip/_internal/build_env.py
 create mode 100644 venv/lib/python3.9/site-packages/pip/_internal/cache.py
 create mode 100644 venv/lib/python3.9/site-packages/pip/_internal/cli/__init__.py
 create mode 100644 venv/lib/python3.9/site-packages/pip/_internal/cli/__pycache__/__init__.cpython-39.pyc
 create mode 100644 venv/lib/python3.9/site-packages/pip/_internal/cli/__pycache__/autocompletion.cpython-39.pyc
 create mode 100644 venv/lib/python3.9/site-packages/pip/_internal/cli/__pycache__/base_command.cpython-39.pyc
 create mode 100644 venv/lib/python3.9/site-packages/pip/_internal/cli/__pycache__/cmdoptions.cpython-39.pyc
 create mode 100644 venv/lib/python3.9/site-packages/pip/_internal/cli/__pycache__/command_context.cpython-39.pyc
 create mode 100644 venv/lib/python3.9/site-packages/pip/_internal/cli/__pycache__/main.cpython-39.pyc
 create mode 100644 venv/lib/python3.9/site-packages/pip/_internal/cli/__pycache__/main_parser.cpython-39.pyc
 create mode 100644 venv/lib/python3.9/site-packages/pip/_internal/cli/__pycache__/parser.cpython-39.pyc
 create mode 100644 venv/lib/python3.9/site-packages/pip/_internal/cli/__pycache__/progress_bars.cpython-39.pyc
 create mode 100644 venv/lib/python3.9/site-packages/pip/_internal/cli/__pycache__/req_command.cpython-39.pyc
 create mode 100644 venv/lib/python3.9/site-packages/pip/_internal/cli/__pycache__/spinners.cpython-39.pyc
 create mode 100644 venv/lib/python3.9/site-packages/pip/_internal/cli/__pycache__/status_codes.cpython-39.pyc
 create mode 100644 venv/lib/python3.9/site-packages/pip/_internal/cli/autocompletion.py
 create mode 100644 venv/lib/python3.9/site-packages/pip/_internal/cli/base_command.py
 create mode 100644 venv/lib/python3.9/site-packages/pip/_internal/cli/cmdoptions.py
 create mode 100644 venv/lib/python3.9/site-packages/pip/_internal/cli/command_context.py
 create mode 100644 venv/lib/python3.9/site-packages/pip/_internal/cli/main.py
 create mode 100644 venv/lib/python3.9/site-packages/pip/_internal/cli/main_parser.py
 create mode 100644 venv/lib/python3.9/site-packages/pip/_internal/cli/parser.py
 create mode 100644 venv/lib/python3.9/site-packages/pip/_internal/cli/progress_bars.py
 create mode 100644 venv/lib/python3.9/site-packages/pip/_internal/cli/req_command.py
 create mode 100644 venv/lib/python3.9/site-packages/pip/_internal/cli/spinners.py
 create mode 100644 venv/lib/python3.9/site-packages/pip/_internal/cli/status_codes.py
 create mode 100644 venv/lib/python3.9/site-packages/pip/_internal/commands/__init__.py
 create mode 100644 venv/lib/python3.9/site-packages/pip/_internal/commands/__pycache__/__init__.cpython-39.pyc
 create mode 100644 venv/lib/python3.9/site-packages/pip/_internal/commands/__pycache__/cache.cpython-39.pyc
 create mode 100644 venv/lib/python3.9/site-packages/pip/_internal/commands/__pycache__/check.cpython-39.pyc
 create mode 100644 venv/lib/python3.9/site-packages/pip/_internal/commands/__pycache__/completion.cpython-39.pyc
 create mode 100644 venv/lib/python3.9/site-packages/pip/_internal/commands/__pycache__/configuration.cpython-39.pyc
 create mode 100644 venv/lib/python3.9/site-packages/pip/_internal/commands/__pycache__/debug.cpython-39.pyc
 create mode 100644 venv/lib/python3.9/site-packages/pip/_internal/commands/__pycache__/download.cpython-39.pyc
 create mode 100644 venv/lib/python3.9/site-packages/pip/_internal/commands/__pycache__/freeze.cpython-39.pyc
 create mode 100644 venv/lib/python3.9/site-packages/pip/_internal/commands/__pycache__/hash.cpython-39.pyc
 create mode 100644 venv/lib/python3.9/site-packages/pip/_internal/commands/__pycache__/help.cpython-39.pyc
 create mode 100644 venv/lib/python3.9/site-packages/pip/_internal/commands/__pycache__/install.cpython-39.pyc
 create mode 100644 venv/lib/python3.9/site-packages/pip/_internal/commands/__pycache__/list.cpython-39.pyc
 create mode 100644 venv/lib/python3.9/site-packages/pip/_internal/commands/__pycache__/search.cpython-39.pyc
 create mode 100644 venv/lib/python3.9/site-packages/pip/_internal/commands/__pycache__/show.cpython-39.pyc
 create mode 100644 venv/lib/python3.9/site-packages/pip/_internal/commands/__pycache__/uninstall.cpython-39.pyc
 create mode 100644 venv/lib/python3.9/site-packages/pip/_internal/commands/__pycache__/wheel.cpython-39.pyc
 create mode 100644 venv/lib/python3.9/site-packages/pip/_internal/commands/cache.py
 create mode 100644 venv/lib/python3.9/site-packages/pip/_internal/commands/check.py
 create mode 100644 venv/lib/python3.9/site-packages/pip/_internal/commands/completion.py
 create mode 100644 venv/lib/python3.9/site-packages/pip/_internal/commands/configuration.py
 create mode 100644 venv/lib/python3.9/site-packages/pip/_internal/commands/debug.py
 create mode 100644 venv/lib/python3.9/site-packages/pip/_internal/commands/download.py
 create mode 100644 venv/lib/python3.9/site-packages/pip/_internal/commands/freeze.py
 create mode 100644 venv/lib/python3.9/site-packages/pip/_internal/commands/hash.py
 create mode 100644 venv/lib/python3.9/site-packages/pip/_internal/commands/help.py
 create mode 100644 venv/lib/python3.9/site-packages/pip/_internal/commands/install.py
 create mode 100644 venv/lib/python3.9/site-packages/pip/_internal/commands/list.py
 create mode 100644 venv/lib/python3.9/site-packages/pip/_internal/commands/search.py
 create mode 100644 venv/lib/python3.9/site-packages/pip/_internal/commands/show.py
 create mode 100644 venv/lib/python3.9/site-packages/pip/_internal/commands/uninstall.py
 create mode 100644 venv/lib/python3.9/site-packages/pip/_internal/commands/wheel.py
 create mode 100644 venv/lib/python3.9/site-packages/pip/_internal/configuration.py
 create mode 100644 venv/lib/python3.9/site-packages/pip/_internal/distributions/__init__.py
 create mode 100644 venv/lib/python3.9/site-packages/pip/_internal/distributions/__pycache__/__init__.cpython-39.pyc
 create mode 100644 venv/lib/python3.9/site-packages/pip/_internal/distributions/__pycache__/base.cpython-39.pyc
 create mode 100644 venv/lib/python3.9/site-packages/pip/_internal/distributions/__pycache__/installed.cpython-39.pyc
 create mode 100644 venv/lib/python3.9/site-packages/pip/_internal/distributions/__pycache__/sdist.cpython-39.pyc
 create mode 100644 venv/lib/python3.9/site-packages/pip/_internal/distributions/__pycache__/wheel.cpython-39.pyc
 create mode 100644 venv/lib/python3.9/site-packages/pip/_internal/distributions/base.py
 create mode 100644 venv/lib/python3.9/site-packages/pip/_internal/distributions/installed.py
 create mode 100644 venv/lib/python3.9/site-packages/pip/_internal/distributions/sdist.py
 create mode 100644 venv/lib/python3.9/site-packages/pip/_internal/distributions/wheel.py
 create mode 100644 venv/lib/python3.9/site-packages/pip/_internal/exceptions.py
 create mode 100644 venv/lib/python3.9/site-packages/pip/_internal/index/__init__.py
 create mode 100644 venv/lib/python3.9/site-packages/pip/_internal/index/__pycache__/__init__.cpython-39.pyc
 create mode 100644 venv/lib/python3.9/site-packages/pip/_internal/index/__pycache__/collector.cpython-39.pyc
 create mode 100644 venv/lib/python3.9/site-packages/pip/_internal/index/__pycache__/package_finder.cpython-39.pyc
 create mode 100644 venv/lib/python3.9/site-packages/pip/_internal/index/collector.py
 create mode 100644 venv/lib/python3.9/site-packages/pip/_internal/index/package_finder.py
 create mode 100644 venv/lib/python3.9/site-packages/pip/_internal/locations.py
 create mode 100644 venv/lib/python3.9/site-packages/pip/_internal/main.py
 create mode 100644 venv/lib/python3.9/site-packages/pip/_internal/models/__init__.py
 create mode 100644 venv/lib/python3.9/site-packages/pip/_internal/models/__pycache__/__init__.cpython-39.pyc
 create mode 100644 venv/lib/python3.9/site-packages/pip/_internal/models/__pycache__/candidate.cpython-39.pyc
 create mode 100644 venv/lib/python3.9/site-packages/pip/_internal/models/__pycache__/direct_url.cpython-39.pyc
 create mode 100644 venv/lib/python3.9/site-packages/pip/_internal/models/__pycache__/format_control.cpython-39.pyc
 create mode 100644 venv/lib/python3.9/site-packages/pip/_internal/models/__pycache__/index.cpython-39.pyc
 create mode 100644 venv/lib/python3.9/site-packages/pip/_internal/models/__pycache__/link.cpython-39.pyc
 create mode 100644 venv/lib/python3.9/site-packages/pip/_internal/models/__pycache__/scheme.cpython-39.pyc
 create mode 100644 venv/lib/python3.9/site-packages/pip/_internal/models/__pycache__/search_scope.cpython-39.pyc
 create mode 100644 venv/lib/python3.9/site-packages/pip/_internal/models/__pycache__/selection_prefs.cpython-39.pyc
 create mode 100644 venv/lib/python3.9/site-packages/pip/_internal/models/__pycache__/target_python.cpython-39.pyc
 create mode 100644 venv/lib/python3.9/site-packages/pip/_internal/models/__pycache__/wheel.cpython-39.pyc
 create mode 100644 venv/lib/python3.9/site-packages/pip/_internal/models/candidate.py
 create mode 100644 venv/lib/python3.9/site-packages/pip/_internal/models/direct_url.py
 create mode 100644 venv/lib/python3.9/site-packages/pip/_internal/models/format_control.py
 create mode 100644 venv/lib/python3.9/site-packages/pip/_internal/models/index.py
 create mode 100644 venv/lib/python3.9/site-packages/pip/_internal/models/link.py
 create mode 100644 venv/lib/python3.9/site-packages/pip/_internal/models/scheme.py
 create mode 100644 venv/lib/python3.9/site-packages/pip/_internal/models/search_scope.py
 create mode 100644 venv/lib/python3.9/site-packages/pip/_internal/models/selection_prefs.py
 create mode 100644 venv/lib/python3.9/site-packages/pip/_internal/models/target_python.py
 create mode 100644 venv/lib/python3.9/site-packages/pip/_internal/models/wheel.py
 create mode 100644 venv/lib/python3.9/site-packages/pip/_internal/network/__init__.py
 create mode 100644 venv/lib/python3.9/site-packages/pip/_internal/network/__pycache__/__init__.cpython-39.pyc
 create mode 100644 venv/lib/python3.9/site-packages/pip/_internal/network/__pycache__/auth.cpython-39.pyc
 create mode 100644 venv/lib/python3.9/site-packages/pip/_internal/network/__pycache__/cache.cpython-39.pyc
 create mode 100644 venv/lib/python3.9/site-packages/pip/_internal/network/__pycache__/download.cpython-39.pyc
 create mode 100644 venv/lib/python3.9/site-packages/pip/_internal/network/__pycache__/lazy_wheel.cpython-39.pyc
 create mode 100644 venv/lib/python3.9/site-packages/pip/_internal/network/__pycache__/session.cpython-39.pyc
 create mode 100644 venv/lib/python3.9/site-packages/pip/_internal/network/__pycache__/utils.cpython-39.pyc
 create mode 100644 venv/lib/python3.9/site-packages/pip/_internal/network/__pycache__/xmlrpc.cpython-39.pyc
 create mode 100644 venv/lib/python3.9/site-packages/pip/_internal/network/auth.py
 create mode 100644 venv/lib/python3.9/site-packages/pip/_internal/network/cache.py
 create mode 100644 venv/lib/python3.9/site-packages/pip/_internal/network/download.py
 create mode 100644 venv/lib/python3.9/site-packages/pip/_internal/network/lazy_wheel.py
 create mode 100644 venv/lib/python3.9/site-packages/pip/_internal/network/session.py
 create mode 100644 venv/lib/python3.9/site-packages/pip/_internal/network/utils.py
 create mode 100644 venv/lib/python3.9/site-packages/pip/_internal/network/xmlrpc.py
 create mode 100644 venv/lib/python3.9/site-packages/pip/_internal/operations/__init__.py
 create mode 100644 venv/lib/python3.9/site-packages/pip/_internal/operations/__pycache__/__init__.cpython-39.pyc
 create mode 100644 venv/lib/python3.9/site-packages/pip/_internal/operations/__pycache__/check.cpython-39.pyc
 create mode 100644 venv/lib/python3.9/site-packages/pip/_internal/operations/__pycache__/freeze.cpython-39.pyc
 create mode 100644 venv/lib/python3.9/site-packages/pip/_internal/operations/__pycache__/prepare.cpython-39.pyc
 create mode 100644 venv/lib/python3.9/site-packages/pip/_internal/operations/build/__init__.py
 create mode 100644 venv/lib/python3.9/site-packages/pip/_internal/operations/build/__pycache__/__init__.cpython-39.pyc
 create mode 100644 venv/lib/python3.9/site-packages/pip/_internal/operations/build/__pycache__/metadata.cpython-39.pyc
 create mode 100644 venv/lib/python3.9/site-packages/pip/_internal/operations/build/__pycache__/metadata_legacy.cpython-39.pyc
 create mode 100644 venv/lib/python3.9/site-packages/pip/_internal/operations/build/__pycache__/wheel.cpython-39.pyc
 create mode 100644 venv/lib/python3.9/site-packages/pip/_internal/operations/build/__pycache__/wheel_legacy.cpython-39.pyc
 create mode 100644 venv/lib/python3.9/site-packages/pip/_internal/operations/build/metadata.py
 create mode 100644 venv/lib/python3.9/site-packages/pip/_internal/operations/build/metadata_legacy.py
 create mode 100644 venv/lib/python3.9/site-packages/pip/_internal/operations/build/wheel.py
 create mode 100644 venv/lib/python3.9/site-packages/pip/_internal/operations/build/wheel_legacy.py
 create mode 100644 venv/lib/python3.9/site-packages/pip/_internal/operations/check.py
 create mode 100644 venv/lib/python3.9/site-packages/pip/_internal/operations/freeze.py
 create mode 100644 venv/lib/python3.9/site-packages/pip/_internal/operations/install/__init__.py
 create mode 100644 venv/lib/python3.9/site-packages/pip/_internal/operations/install/__pycache__/__init__.cpython-39.pyc
 create mode 100644 venv/lib/python3.9/site-packages/pip/_internal/operations/install/__pycache__/editable_legacy.cpython-39.pyc
 create mode 100644 venv/lib/python3.9/site-packages/pip/_internal/operations/install/__pycache__/legacy.cpython-39.pyc
 create mode 100644 venv/lib/python3.9/site-packages/pip/_internal/operations/install/__pycache__/wheel.cpython-39.pyc
 create mode 100644 venv/lib/python3.9/site-packages/pip/_internal/operations/install/editable_legacy.py
 create mode 100644 venv/lib/python3.9/site-packages/pip/_internal/operations/install/legacy.py
 create mode 100644 venv/lib/python3.9/site-packages/pip/_internal/operations/install/wheel.py
 create mode 100644 venv/lib/python3.9/site-packages/pip/_internal/operations/prepare.py
 create mode 100644 venv/lib/python3.9/site-packages/pip/_internal/pyproject.py
 create mode 100644 venv/lib/python3.9/site-packages/pip/_internal/req/__init__.py
 create mode 100644 venv/lib/python3.9/site-packages/pip/_internal/req/__pycache__/__init__.cpython-39.pyc
 create mode 100644 venv/lib/python3.9/site-packages/pip/_internal/req/__pycache__/constructors.cpython-39.pyc
 create mode 100644 venv/lib/python3.9/site-packages/pip/_internal/req/__pycache__/req_file.cpython-39.pyc
 create mode 100644 venv/lib/python3.9/site-packages/pip/_internal/req/__pycache__/req_install.cpython-39.pyc
 create mode 100644 venv/lib/python3.9/site-packages/pip/_internal/req/__pycache__/req_set.cpython-39.pyc
 create mode 100644 venv/lib/python3.9/site-packages/pip/_internal/req/__pycache__/req_tracker.cpython-39.pyc
 create mode 100644 venv/lib/python3.9/site-packages/pip/_internal/req/__pycache__/req_uninstall.cpython-39.pyc
 create mode 100644 venv/lib/python3.9/site-packages/pip/_internal/req/constructors.py
 create mode 100644 venv/lib/python3.9/site-packages/pip/_internal/req/req_file.py
 create mode 100644 venv/lib/python3.9/site-packages/pip/_internal/req/req_install.py
 create mode 100644 venv/lib/python3.9/site-packages/pip/_internal/req/req_set.py
 create mode 100644 venv/lib/python3.9/site-packages/pip/_internal/req/req_tracker.py
 create mode 100644 venv/lib/python3.9/site-packages/pip/_internal/req/req_uninstall.py
 create mode 100644 venv/lib/python3.9/site-packages/pip/_internal/resolution/__init__.py
 create mode 100644 venv/lib/python3.9/site-packages/pip/_internal/resolution/__pycache__/__init__.cpython-39.pyc
 create mode 100644 venv/lib/python3.9/site-packages/pip/_internal/resolution/__pycache__/base.cpython-39.pyc
 create mode 100644 venv/lib/python3.9/site-packages/pip/_internal/resolution/base.py
 create mode 100644 venv/lib/python3.9/site-packages/pip/_internal/resolution/legacy/__init__.py
 create mode 100644 venv/lib/python3.9/site-packages/pip/_internal/resolution/legacy/__pycache__/__init__.cpython-39.pyc
 create mode 100644 venv/lib/python3.9/site-packages/pip/_internal/resolution/legacy/__pycache__/resolver.cpython-39.pyc
 create mode 100644 venv/lib/python3.9/site-packages/pip/_internal/resolution/legacy/resolver.py
 create mode 100644 venv/lib/python3.9/site-packages/pip/_internal/resolution/resolvelib/__init__.py
 create mode 100644 venv/lib/python3.9/site-packages/pip/_internal/resolution/resolvelib/__pycache__/__init__.cpython-39.pyc
 create mode 100644 venv/lib/python3.9/site-packages/pip/_internal/resolution/resolvelib/__pycache__/base.cpython-39.pyc
 create mode 100644 venv/lib/python3.9/site-packages/pip/_internal/resolution/resolvelib/__pycache__/candidates.cpython-39.pyc
 create mode 100644 venv/lib/python3.9/site-packages/pip/_internal/resolution/resolvelib/__pycache__/factory.cpython-39.pyc
 create mode 100644 venv/lib/python3.9/site-packages/pip/_internal/resolution/resolvelib/__pycache__/found_candidates.cpython-39.pyc
 create mode 100644 venv/lib/python3.9/site-packages/pip/_internal/resolution/resolvelib/__pycache__/provider.cpython-39.pyc
 create mode 100644 venv/lib/python3.9/site-packages/pip/_internal/resolution/resolvelib/__pycache__/reporter.cpython-39.pyc
 create mode 100644 venv/lib/python3.9/site-packages/pip/_internal/resolution/resolvelib/__pycache__/requirements.cpython-39.pyc
 create mode 100644 venv/lib/python3.9/site-packages/pip/_internal/resolution/resolvelib/__pycache__/resolver.cpython-39.pyc
 create mode 100644 venv/lib/python3.9/site-packages/pip/_internal/resolution/resolvelib/base.py
 create mode 100644 venv/lib/python3.9/site-packages/pip/_internal/resolution/resolvelib/candidates.py
 create mode 100644 venv/lib/python3.9/site-packages/pip/_internal/resolution/resolvelib/factory.py
 create mode 100644 venv/lib/python3.9/site-packages/pip/_internal/resolution/resolvelib/found_candidates.py
 create mode 100644 venv/lib/python3.9/site-packages/pip/_internal/resolution/resolvelib/provider.py
 create mode 100644 venv/lib/python3.9/site-packages/pip/_internal/resolution/resolvelib/reporter.py
 create mode 100644 venv/lib/python3.9/site-packages/pip/_internal/resolution/resolvelib/requirements.py
 create mode 100644 venv/lib/python3.9/site-packages/pip/_internal/resolution/resolvelib/resolver.py
 create mode 100644 venv/lib/python3.9/site-packages/pip/_internal/self_outdated_check.py
 create mode 100644 venv/lib/python3.9/site-packages/pip/_internal/utils/__init__.py
 create mode 100644 venv/lib/python3.9/site-packages/pip/_internal/utils/__pycache__/__init__.cpython-39.pyc
 create mode 100644 venv/lib/python3.9/site-packages/pip/_internal/utils/__pycache__/appdirs.cpython-39.pyc
 create mode 100644 venv/lib/python3.9/site-packages/pip/_internal/utils/__pycache__/compat.cpython-39.pyc
 create mode 100644 venv/lib/python3.9/site-packages/pip/_internal/utils/__pycache__/compatibility_tags.cpython-39.pyc
 create mode 100644 venv/lib/python3.9/site-packages/pip/_internal/utils/__pycache__/datetime.cpython-39.pyc
 create mode 100644 venv/lib/python3.9/site-packages/pip/_internal/utils/__pycache__/deprecation.cpython-39.pyc
 create mode 100644 venv/lib/python3.9/site-packages/pip/_internal/utils/__pycache__/direct_url_helpers.cpython-39.pyc
 create mode 100644 venv/lib/python3.9/site-packages/pip/_internal/utils/__pycache__/distutils_args.cpython-39.pyc
 create mode 100644 venv/lib/python3.9/site-packages/pip/_internal/utils/__pycache__/encoding.cpython-39.pyc
 create mode 100644 venv/lib/python3.9/site-packages/pip/_internal/utils/__pycache__/entrypoints.cpython-39.pyc
 create mode 100644 venv/lib/python3.9/site-packages/pip/_internal/utils/__pycache__/filesystem.cpython-39.pyc
 create mode 100644 venv/lib/python3.9/site-packages/pip/_internal/utils/__pycache__/filetypes.cpython-39.pyc
 create mode 100644 venv/lib/python3.9/site-packages/pip/_internal/utils/__pycache__/glibc.cpython-39.pyc
 create mode 100644 venv/lib/python3.9/site-packages/pip/_internal/utils/__pycache__/hashes.cpython-39.pyc
 create mode 100644 venv/lib/python3.9/site-packages/pip/_internal/utils/__pycache__/inject_securetransport.cpython-39.pyc
 create mode 100644 venv/lib/python3.9/site-packages/pip/_internal/utils/__pycache__/logging.cpython-39.pyc
 create mode 100644 venv/lib/python3.9/site-packages/pip/_internal/utils/__pycache__/misc.cpython-39.pyc
 create mode 100644 venv/lib/python3.9/site-packages/pip/_internal/utils/__pycache__/models.cpython-39.pyc
 create mode 100644 venv/lib/python3.9/site-packages/pip/_internal/utils/__pycache__/packaging.cpython-39.pyc
 create mode 100644 venv/lib/python3.9/site-packages/pip/_internal/utils/__pycache__/parallel.cpython-39.pyc
 create mode 100644 venv/lib/python3.9/site-packages/pip/_internal/utils/__pycache__/pkg_resources.cpython-39.pyc
 create mode 100644 venv/lib/python3.9/site-packages/pip/_internal/utils/__pycache__/setuptools_build.cpython-39.pyc
 create mode 100644 venv/lib/python3.9/site-packages/pip/_internal/utils/__pycache__/subprocess.cpython-39.pyc
 create mode 100644 venv/lib/python3.9/site-packages/pip/_internal/utils/__pycache__/temp_dir.cpython-39.pyc
 create mode 100644 venv/lib/python3.9/site-packages/pip/_internal/utils/__pycache__/typing.cpython-39.pyc
 create mode 100644 venv/lib/python3.9/site-packages/pip/_internal/utils/__pycache__/unpacking.cpython-39.pyc
 create mode 100644 venv/lib/python3.9/site-packages/pip/_internal/utils/__pycache__/urls.cpython-39.pyc
 create mode 100644 venv/lib/python3.9/site-packages/pip/_internal/utils/__pycache__/virtualenv.cpython-39.pyc
 create mode 100644 venv/lib/python3.9/site-packages/pip/_internal/utils/__pycache__/wheel.cpython-39.pyc
 create mode 100644 venv/lib/python3.9/site-packages/pip/_internal/utils/appdirs.py
 create mode 100644 venv/lib/python3.9/site-packages/pip/_internal/utils/compat.py
 create mode 100644 venv/lib/python3.9/site-packages/pip/_internal/utils/compatibility_tags.py
 create mode 100644 venv/lib/python3.9/site-packages/pip/_internal/utils/datetime.py
 create mode 100644 venv/lib/python3.9/site-packages/pip/_internal/utils/deprecation.py
 create mode 100644 venv/lib/python3.9/site-packages/pip/_internal/utils/direct_url_helpers.py
 create mode 100644 venv/lib/python3.9/site-packages/pip/_internal/utils/distutils_args.py
 create mode 100644 venv/lib/python3.9/site-packages/pip/_internal/utils/encoding.py
 create mode 100644 venv/lib/python3.9/site-packages/pip/_internal/utils/entrypoints.py
 create mode 100644 venv/lib/python3.9/site-packages/pip/_internal/utils/filesystem.py
 create mode 100644 venv/lib/python3.9/site-packages/pip/_internal/utils/filetypes.py
 create mode 100644 venv/lib/python3.9/site-packages/pip/_internal/utils/glibc.py
 create mode 100644 venv/lib/python3.9/site-packages/pip/_internal/utils/hashes.py
 create mode 100644 venv/lib/python3.9/site-packages/pip/_internal/utils/inject_securetransport.py
 create mode 100644 venv/lib/python3.9/site-packages/pip/_internal/utils/logging.py
 create mode 100644 venv/lib/python3.9/site-packages/pip/_internal/utils/misc.py
 create mode 100644 venv/lib/python3.9/site-packages/pip/_internal/utils/models.py
 create mode 100644 venv/lib/python3.9/site-packages/pip/_internal/utils/packaging.py
 create mode 100644 venv/lib/python3.9/site-packages/pip/_internal/utils/parallel.py
 create mode 100644 venv/lib/python3.9/site-packages/pip/_internal/utils/pkg_resources.py
 create mode 100644 venv/lib/python3.9/site-packages/pip/_internal/utils/setuptools_build.py
 create mode 100644 venv/lib/python3.9/site-packages/pip/_internal/utils/subprocess.py
 create mode 100644 venv/lib/python3.9/site-packages/pip/_internal/utils/temp_dir.py
 create mode 100644 venv/lib/python3.9/site-packages/pip/_internal/utils/typing.py
 create mode 100644 venv/lib/python3.9/site-packages/pip/_internal/utils/unpacking.py
 create mode 100644 venv/lib/python3.9/site-packages/pip/_internal/utils/urls.py
 create mode 100644 venv/lib/python3.9/site-packages/pip/_internal/utils/virtualenv.py
 create mode 100644 venv/lib/python3.9/site-packages/pip/_internal/utils/wheel.py
 create mode 100644 venv/lib/python3.9/site-packages/pip/_internal/vcs/__init__.py
 create mode 100644 venv/lib/python3.9/site-packages/pip/_internal/vcs/__pycache__/__init__.cpython-39.pyc
 create mode 100644 venv/lib/python3.9/site-packages/pip/_internal/vcs/__pycache__/bazaar.cpython-39.pyc
 create mode 100644 venv/lib/python3.9/site-packages/pip/_internal/vcs/__pycache__/git.cpython-39.pyc
 create mode 100644 venv/lib/python3.9/site-packages/pip/_internal/vcs/__pycache__/mercurial.cpython-39.pyc
 create mode 100644 venv/lib/python3.9/site-packages/pip/_internal/vcs/__pycache__/subversion.cpython-39.pyc
 create mode 100644 venv/lib/python3.9/site-packages/pip/_internal/vcs/__pycache__/versioncontrol.cpython-39.pyc
 create mode 100644 venv/lib/python3.9/site-packages/pip/_internal/vcs/bazaar.py
 create mode 100644 venv/lib/python3.9/site-packages/pip/_internal/vcs/git.py
 create mode 100644 venv/lib/python3.9/site-packages/pip/_internal/vcs/mercurial.py
 create mode 100644 venv/lib/python3.9/site-packages/pip/_internal/vcs/subversion.py
 create mode 100644 venv/lib/python3.9/site-packages/pip/_internal/vcs/versioncontrol.py
 create mode 100644 venv/lib/python3.9/site-packages/pip/_internal/wheel_builder.py
 create mode 100644 venv/lib/python3.9/site-packages/pip/_vendor/__init__.py
 create mode 100644 venv/lib/python3.9/site-packages/pip/_vendor/__pycache__/__init__.cpython-39.pyc
 create mode 100644 venv/lib/python3.9/site-packages/pip/_vendor/vendor.txt
 create mode 100644 venv/lib/python3.9/site-packages/pkg_resources-0.0.0.dist-info/AUTHORS.txt
 create mode 100644 venv/lib/python3.9/site-packages/pkg_resources-0.0.0.dist-info/INSTALLER
 create mode 100644 venv/lib/python3.9/site-packages/pkg_resources-0.0.0.dist-info/LICENSE.txt
 create mode 100644 venv/lib/python3.9/site-packages/pkg_resources-0.0.0.dist-info/METADATA
 create mode 100644 venv/lib/python3.9/site-packages/pkg_resources-0.0.0.dist-info/RECORD
 create mode 100644 venv/lib/python3.9/site-packages/pkg_resources-0.0.0.dist-info/REQUESTED
 create mode 100644 venv/lib/python3.9/site-packages/pkg_resources-0.0.0.dist-info/WHEEL
 create mode 100644 venv/lib/python3.9/site-packages/pkg_resources/__init__.py
 create mode 100644 venv/lib/python3.9/site-packages/pkg_resources/__pycache__/__init__.cpython-39.pyc
 create mode 100644 venv/lib/python3.9/site-packages/pkg_resources/__pycache__/py31compat.cpython-39.pyc
 create mode 100644 venv/lib/python3.9/site-packages/pkg_resources/_vendor/__init__.py
 create mode 100644 venv/lib/python3.9/site-packages/pkg_resources/_vendor/__pycache__/__init__.cpython-39.pyc
 create mode 100644 venv/lib/python3.9/site-packages/pkg_resources/_vendor/__pycache__/appdirs.cpython-39.pyc
 create mode 100644 venv/lib/python3.9/site-packages/pkg_resources/_vendor/__pycache__/pyparsing.cpython-39.pyc
 create mode 100644 venv/lib/python3.9/site-packages/pkg_resources/_vendor/__pycache__/six.cpython-39.pyc
 create mode 100644 venv/lib/python3.9/site-packages/pkg_resources/_vendor/appdirs.py
 create mode 100644 venv/lib/python3.9/site-packages/pkg_resources/_vendor/packaging/__about__.py
 create mode 100644 venv/lib/python3.9/site-packages/pkg_resources/_vendor/packaging/__init__.py
 create mode 100644 venv/lib/python3.9/site-packages/pkg_resources/_vendor/packaging/__pycache__/__about__.cpython-39.pyc
 create mode 100644 venv/lib/python3.9/site-packages/pkg_resources/_vendor/packaging/__pycache__/__init__.cpython-39.pyc
 create mode 100644 venv/lib/python3.9/site-packages/pkg_resources/_vendor/packaging/__pycache__/_compat.cpython-39.pyc
 create mode 100644 venv/lib/python3.9/site-packages/pkg_resources/_vendor/packaging/__pycache__/_structures.cpython-39.pyc
 create mode 100644 venv/lib/python3.9/site-packages/pkg_resources/_vendor/packaging/__pycache__/markers.cpython-39.pyc
 create mode 100644 venv/lib/python3.9/site-packages/pkg_resources/_vendor/packaging/__pycache__/requirements.cpython-39.pyc
 create mode 100644 venv/lib/python3.9/site-packages/pkg_resources/_vendor/packaging/__pycache__/specifiers.cpython-39.pyc
 create mode 100644 venv/lib/python3.9/site-packages/pkg_resources/_vendor/packaging/__pycache__/utils.cpython-39.pyc
 create mode 100644 venv/lib/python3.9/site-packages/pkg_resources/_vendor/packaging/__pycache__/version.cpython-39.pyc
 create mode 100644 venv/lib/python3.9/site-packages/pkg_resources/_vendor/packaging/_compat.py
 create mode 100644 venv/lib/python3.9/site-packages/pkg_resources/_vendor/packaging/_structures.py
 create mode 100644 venv/lib/python3.9/site-packages/pkg_resources/_vendor/packaging/markers.py
 create mode 100644 venv/lib/python3.9/site-packages/pkg_resources/_vendor/packaging/requirements.py
 create mode 100644 venv/lib/python3.9/site-packages/pkg_resources/_vendor/packaging/specifiers.py
 create mode 100644 venv/lib/python3.9/site-packages/pkg_resources/_vendor/packaging/utils.py
 create mode 100644 venv/lib/python3.9/site-packages/pkg_resources/_vendor/packaging/version.py
 create mode 100644 venv/lib/python3.9/site-packages/pkg_resources/_vendor/pyparsing.py
 create mode 100644 venv/lib/python3.9/site-packages/pkg_resources/_vendor/six.py
 create mode 100644 venv/lib/python3.9/site-packages/pkg_resources/extern/__init__.py
 create mode 100644 venv/lib/python3.9/site-packages/pkg_resources/extern/__pycache__/__init__.cpython-39.pyc
 create mode 100644 venv/lib/python3.9/site-packages/pkg_resources/py31compat.py
 create mode 100644 venv/lib/python3.9/site-packages/setuptools-44.1.1.dist-info/AUTHORS.txt
 create mode 100644 venv/lib/python3.9/site-packages/setuptools-44.1.1.dist-info/INSTALLER
 create mode 100644 venv/lib/python3.9/site-packages/setuptools-44.1.1.dist-info/LICENSE.txt
 create mode 100644 venv/lib/python3.9/site-packages/setuptools-44.1.1.dist-info/METADATA
 create mode 100644 venv/lib/python3.9/site-packages/setuptools-44.1.1.dist-info/RECORD
 create mode 100644 venv/lib/python3.9/site-packages/setuptools-44.1.1.dist-info/REQUESTED
 create mode 100644 venv/lib/python3.9/site-packages/setuptools-44.1.1.dist-info/WHEEL
 create mode 100644 venv/lib/python3.9/site-packages/setuptools-44.1.1.dist-info/dependency_links.txt
 create mode 100644 venv/lib/python3.9/site-packages/setuptools-44.1.1.dist-info/entry_points.txt
 create mode 100644 venv/lib/python3.9/site-packages/setuptools-44.1.1.dist-info/top_level.txt
 create mode 100644 venv/lib/python3.9/site-packages/setuptools-44.1.1.dist-info/zip-safe
 create mode 100644 venv/lib/python3.9/site-packages/setuptools/__init__.py
 create mode 100644 venv/lib/python3.9/site-packages/setuptools/__pycache__/__init__.cpython-39.pyc
 create mode 100644 venv/lib/python3.9/site-packages/setuptools/__pycache__/_deprecation_warning.cpython-39.pyc
 create mode 100644 venv/lib/python3.9/site-packages/setuptools/__pycache__/_imp.cpython-39.pyc
 create mode 100644 venv/lib/python3.9/site-packages/setuptools/__pycache__/archive_util.cpython-39.pyc
 create mode 100644 venv/lib/python3.9/site-packages/setuptools/__pycache__/build_meta.cpython-39.pyc
 create mode 100644 venv/lib/python3.9/site-packages/setuptools/__pycache__/config.cpython-39.pyc
 create mode 100644 venv/lib/python3.9/site-packages/setuptools/__pycache__/dep_util.cpython-39.pyc
 create mode 100644 venv/lib/python3.9/site-packages/setuptools/__pycache__/depends.cpython-39.pyc
 create mode 100644 venv/lib/python3.9/site-packages/setuptools/__pycache__/dist.cpython-39.pyc
 create mode 100644 venv/lib/python3.9/site-packages/setuptools/__pycache__/errors.cpython-39.pyc
 create mode 100644 venv/lib/python3.9/site-packages/setuptools/__pycache__/extension.cpython-39.pyc
 create mode 100644 venv/lib/python3.9/site-packages/setuptools/__pycache__/glob.cpython-39.pyc
 create mode 100644 venv/lib/python3.9/site-packages/setuptools/__pycache__/installer.cpython-39.pyc
 create mode 100644 venv/lib/python3.9/site-packages/setuptools/__pycache__/launch.cpython-39.pyc
 create mode 100644 venv/lib/python3.9/site-packages/setuptools/__pycache__/lib2to3_ex.cpython-39.pyc
 create mode 100644 venv/lib/python3.9/site-packages/setuptools/__pycache__/monkey.cpython-39.pyc
 create mode 100644 venv/lib/python3.9/site-packages/setuptools/__pycache__/msvc.cpython-39.pyc
 create mode 100644 venv/lib/python3.9/site-packages/setuptools/__pycache__/namespaces.cpython-39.pyc
 create mode 100644 venv/lib/python3.9/site-packages/setuptools/__pycache__/package_index.cpython-39.pyc
 create mode 100644 venv/lib/python3.9/site-packages/setuptools/__pycache__/py27compat.cpython-39.pyc
 create mode 100644 venv/lib/python3.9/site-packages/setuptools/__pycache__/py31compat.cpython-39.pyc
 create mode 100644 venv/lib/python3.9/site-packages/setuptools/__pycache__/py33compat.cpython-39.pyc
 create mode 100644 venv/lib/python3.9/site-packages/setuptools/__pycache__/py34compat.cpython-39.pyc
 create mode 100644 venv/lib/python3.9/site-packages/setuptools/__pycache__/sandbox.cpython-39.pyc
 create mode 100644 venv/lib/python3.9/site-packages/setuptools/__pycache__/site-patch.cpython-39.pyc
 create mode 100644 venv/lib/python3.9/site-packages/setuptools/__pycache__/ssl_support.cpython-39.pyc
 create mode 100644 venv/lib/python3.9/site-packages/setuptools/__pycache__/unicode_utils.cpython-39.pyc
 create mode 100644 venv/lib/python3.9/site-packages/setuptools/__pycache__/version.cpython-39.pyc
 create mode 100644 venv/lib/python3.9/site-packages/setuptools/__pycache__/wheel.cpython-39.pyc
 create mode 100644 venv/lib/python3.9/site-packages/setuptools/__pycache__/windows_support.cpython-39.pyc
 create mode 100644 venv/lib/python3.9/site-packages/setuptools/_deprecation_warning.py
 create mode 100644 venv/lib/python3.9/site-packages/setuptools/_imp.py
 create mode 100644 venv/lib/python3.9/site-packages/setuptools/_vendor/__init__.py
 create mode 100644 venv/lib/python3.9/site-packages/setuptools/_vendor/__pycache__/__init__.cpython-39.pyc
 create mode 100644 venv/lib/python3.9/site-packages/setuptools/_vendor/__pycache__/ordered_set.cpython-39.pyc
 create mode 100644 venv/lib/python3.9/site-packages/setuptools/_vendor/__pycache__/pyparsing.cpython-39.pyc
 create mode 100644 venv/lib/python3.9/site-packages/setuptools/_vendor/__pycache__/six.cpython-39.pyc
 create mode 100644 venv/lib/python3.9/site-packages/setuptools/_vendor/ordered_set.py
 create mode 100644 venv/lib/python3.9/site-packages/setuptools/_vendor/packaging/__about__.py
 create mode 100644 venv/lib/python3.9/site-packages/setuptools/_vendor/packaging/__init__.py
 create mode 100644 venv/lib/python3.9/site-packages/setuptools/_vendor/packaging/__pycache__/__about__.cpython-39.pyc
 create mode 100644 venv/lib/python3.9/site-packages/setuptools/_vendor/packaging/__pycache__/__init__.cpython-39.pyc
 create mode 100644 venv/lib/python3.9/site-packages/setuptools/_vendor/packaging/__pycache__/_compat.cpython-39.pyc
 create mode 100644 venv/lib/python3.9/site-packages/setuptools/_vendor/packaging/__pycache__/_structures.cpython-39.pyc
 create mode 100644 venv/lib/python3.9/site-packages/setuptools/_vendor/packaging/__pycache__/markers.cpython-39.pyc
 create mode 100644 venv/lib/python3.9/site-packages/setuptools/_vendor/packaging/__pycache__/requirements.cpython-39.pyc
 create mode 100644 venv/lib/python3.9/site-packages/setuptools/_vendor/packaging/__pycache__/specifiers.cpython-39.pyc
 create mode 100644 venv/lib/python3.9/site-packages/setuptools/_vendor/packaging/__pycache__/tags.cpython-39.pyc
 create mode 100644 venv/lib/python3.9/site-packages/setuptools/_vendor/packaging/__pycache__/utils.cpython-39.pyc
 create mode 100644 venv/lib/python3.9/site-packages/setuptools/_vendor/packaging/__pycache__/version.cpython-39.pyc
 create mode 100644 venv/lib/python3.9/site-packages/setuptools/_vendor/packaging/_compat.py
 create mode 100644 venv/lib/python3.9/site-packages/setuptools/_vendor/packaging/_structures.py
 create mode 100644 venv/lib/python3.9/site-packages/setuptools/_vendor/packaging/markers.py
 create mode 100644 venv/lib/python3.9/site-packages/setuptools/_vendor/packaging/requirements.py
 create mode 100644 venv/lib/python3.9/site-packages/setuptools/_vendor/packaging/specifiers.py
 create mode 100644 venv/lib/python3.9/site-packages/setuptools/_vendor/packaging/tags.py
 create mode 100644 venv/lib/python3.9/site-packages/setuptools/_vendor/packaging/utils.py
 create mode 100644 venv/lib/python3.9/site-packages/setuptools/_vendor/packaging/version.py
 create mode 100644 venv/lib/python3.9/site-packages/setuptools/_vendor/pyparsing.py
 create mode 100644 venv/lib/python3.9/site-packages/setuptools/_vendor/six.py
 create mode 100644 venv/lib/python3.9/site-packages/setuptools/archive_util.py
 create mode 100644 venv/lib/python3.9/site-packages/setuptools/build_meta.py
 create mode 100644 venv/lib/python3.9/site-packages/setuptools/cli-32.exe
 create mode 100644 venv/lib/python3.9/site-packages/setuptools/cli-64.exe
 create mode 100644 venv/lib/python3.9/site-packages/setuptools/cli.exe
 create mode 100644 venv/lib/python3.9/site-packages/setuptools/command/__init__.py
 create mode 100644 venv/lib/python3.9/site-packages/setuptools/command/__pycache__/__init__.cpython-39.pyc
 create mode 100644 venv/lib/python3.9/site-packages/setuptools/command/__pycache__/alias.cpython-39.pyc
 create mode 100644 venv/lib/python3.9/site-packages/setuptools/command/__pycache__/bdist_egg.cpython-39.pyc
 create mode 100644 venv/lib/python3.9/site-packages/setuptools/command/__pycache__/bdist_rpm.cpython-39.pyc
 create mode 100644 venv/lib/python3.9/site-packages/setuptools/command/__pycache__/bdist_wininst.cpython-39.pyc
 create mode 100644 venv/lib/python3.9/site-packages/setuptools/command/__pycache__/build_clib.cpython-39.pyc
 create mode 100644 venv/lib/python3.9/site-packages/setuptools/command/__pycache__/build_ext.cpython-39.pyc
 create mode 100644 venv/lib/python3.9/site-packages/setuptools/command/__pycache__/build_py.cpython-39.pyc
 create mode 100644 venv/lib/python3.9/site-packages/setuptools/command/__pycache__/develop.cpython-39.pyc
 create mode 100644 venv/lib/python3.9/site-packages/setuptools/command/__pycache__/dist_info.cpython-39.pyc
 create mode 100644 venv/lib/python3.9/site-packages/setuptools/command/__pycache__/easy_install.cpython-39.pyc
 create mode 100644 venv/lib/python3.9/site-packages/setuptools/command/__pycache__/egg_info.cpython-39.pyc
 create mode 100644 venv/lib/python3.9/site-packages/setuptools/command/__pycache__/install.cpython-39.pyc
 create mode 100644 venv/lib/python3.9/site-packages/setuptools/command/__pycache__/install_egg_info.cpython-39.pyc
 create mode 100644 venv/lib/python3.9/site-packages/setuptools/command/__pycache__/install_lib.cpython-39.pyc
 create mode 100644 venv/lib/python3.9/site-packages/setuptools/command/__pycache__/install_scripts.cpython-39.pyc
 create mode 100644 venv/lib/python3.9/site-packages/setuptools/command/__pycache__/py36compat.cpython-39.pyc
 create mode 100644 venv/lib/python3.9/site-packages/setuptools/command/__pycache__/register.cpython-39.pyc
 create mode 100644 venv/lib/python3.9/site-packages/setuptools/command/__pycache__/rotate.cpython-39.pyc
 create mode 100644 venv/lib/python3.9/site-packages/setuptools/command/__pycache__/saveopts.cpython-39.pyc
 create mode 100644 venv/lib/python3.9/site-packages/setuptools/command/__pycache__/sdist.cpython-39.pyc
 create mode 100644 venv/lib/python3.9/site-packages/setuptools/command/__pycache__/setopt.cpython-39.pyc
 create mode 100644 venv/lib/python3.9/site-packages/setuptools/command/__pycache__/test.cpython-39.pyc
 create mode 100644 venv/lib/python3.9/site-packages/setuptools/command/__pycache__/upload.cpython-39.pyc
 create mode 100644 venv/lib/python3.9/site-packages/setuptools/command/__pycache__/upload_docs.cpython-39.pyc
 create mode 100644 venv/lib/python3.9/site-packages/setuptools/command/alias.py
 create mode 100644 venv/lib/python3.9/site-packages/setuptools/command/bdist_egg.py
 create mode 100644 venv/lib/python3.9/site-packages/setuptools/command/bdist_rpm.py
 create mode 100644 venv/lib/python3.9/site-packages/setuptools/command/bdist_wininst.py
 create mode 100644 venv/lib/python3.9/site-packages/setuptools/command/build_clib.py
 create mode 100644 venv/lib/python3.9/site-packages/setuptools/command/build_ext.py
 create mode 100644 venv/lib/python3.9/site-packages/setuptools/command/build_py.py
 create mode 100644 venv/lib/python3.9/site-packages/setuptools/command/develop.py
 create mode 100644 venv/lib/python3.9/site-packages/setuptools/command/dist_info.py
 create mode 100644 venv/lib/python3.9/site-packages/setuptools/command/easy_install.py
 create mode 100644 venv/lib/python3.9/site-packages/setuptools/command/egg_info.py
 create mode 100644 venv/lib/python3.9/site-packages/setuptools/command/install.py
 create mode 100644 venv/lib/python3.9/site-packages/setuptools/command/install_egg_info.py
 create mode 100644 venv/lib/python3.9/site-packages/setuptools/command/install_lib.py
 create mode 100644 venv/lib/python3.9/site-packages/setuptools/command/install_scripts.py
 create mode 100644 venv/lib/python3.9/site-packages/setuptools/command/launcher manifest.xml
 create mode 100644 venv/lib/python3.9/site-packages/setuptools/command/py36compat.py
 create mode 100644 venv/lib/python3.9/site-packages/setuptools/command/register.py
 create mode 100644 venv/lib/python3.9/site-packages/setuptools/command/rotate.py
 create mode 100644 venv/lib/python3.9/site-packages/setuptools/command/saveopts.py
 create mode 100644 venv/lib/python3.9/site-packages/setuptools/command/sdist.py
 create mode 100644 venv/lib/python3.9/site-packages/setuptools/command/setopt.py
 create mode 100644 venv/lib/python3.9/site-packages/setuptools/command/test.py
 create mode 100644 venv/lib/python3.9/site-packages/setuptools/command/upload.py
 create mode 100644 venv/lib/python3.9/site-packages/setuptools/command/upload_docs.py
 create mode 100644 venv/lib/python3.9/site-packages/setuptools/config.py
 create mode 100644 venv/lib/python3.9/site-packages/setuptools/dep_util.py
 create mode 100644 venv/lib/python3.9/site-packages/setuptools/depends.py
 create mode 100644 venv/lib/python3.9/site-packages/setuptools/dist.py
 create mode 100644 venv/lib/python3.9/site-packages/setuptools/errors.py
 create mode 100644 venv/lib/python3.9/site-packages/setuptools/extension.py
 create mode 100644 venv/lib/python3.9/site-packages/setuptools/extern/__init__.py
 create mode 100644 venv/lib/python3.9/site-packages/setuptools/extern/__pycache__/__init__.cpython-39.pyc
 create mode 100644 venv/lib/python3.9/site-packages/setuptools/glob.py
 create mode 100644 venv/lib/python3.9/site-packages/setuptools/gui-32.exe
 create mode 100644 venv/lib/python3.9/site-packages/setuptools/gui-64.exe
 create mode 100644 venv/lib/python3.9/site-packages/setuptools/gui.exe
 create mode 100644 venv/lib/python3.9/site-packages/setuptools/installer.py
 create mode 100644 venv/lib/python3.9/site-packages/setuptools/launch.py
 create mode 100644 venv/lib/python3.9/site-packages/setuptools/lib2to3_ex.py
 create mode 100644 venv/lib/python3.9/site-packages/setuptools/monkey.py
 create mode 100644 venv/lib/python3.9/site-packages/setuptools/msvc.py
 create mode 100644 venv/lib/python3.9/site-packages/setuptools/namespaces.py
 create mode 100644 venv/lib/python3.9/site-packages/setuptools/package_index.py
 create mode 100644 venv/lib/python3.9/site-packages/setuptools/py27compat.py
 create mode 100644 venv/lib/python3.9/site-packages/setuptools/py31compat.py
 create mode 100644 venv/lib/python3.9/site-packages/setuptools/py33compat.py
 create mode 100644 venv/lib/python3.9/site-packages/setuptools/py34compat.py
 create mode 100644 venv/lib/python3.9/site-packages/setuptools/sandbox.py
 create mode 100644 venv/lib/python3.9/site-packages/setuptools/script (dev).tmpl
 create mode 100644 venv/lib/python3.9/site-packages/setuptools/script.tmpl
 create mode 100644 venv/lib/python3.9/site-packages/setuptools/site-patch.py
 create mode 100644 venv/lib/python3.9/site-packages/setuptools/ssl_support.py
 create mode 100644 venv/lib/python3.9/site-packages/setuptools/unicode_utils.py
 create mode 100644 venv/lib/python3.9/site-packages/setuptools/version.py
 create mode 100644 venv/lib/python3.9/site-packages/setuptools/wheel.py
 create mode 100644 venv/lib/python3.9/site-packages/setuptools/windows_support.py
 create mode 100644 venv/lib/python3.9/site-packages/smmap-5.0.0.dist-info/INSTALLER
 create mode 100644 venv/lib/python3.9/site-packages/smmap-5.0.0.dist-info/LICENSE
 create mode 100644 venv/lib/python3.9/site-packages/smmap-5.0.0.dist-info/METADATA
 create mode 100644 venv/lib/python3.9/site-packages/smmap-5.0.0.dist-info/RECORD
 create mode 100644 venv/lib/python3.9/site-packages/smmap-5.0.0.dist-info/WHEEL
 create mode 100644 venv/lib/python3.9/site-packages/smmap-5.0.0.dist-info/top_level.txt
 create mode 100644 venv/lib/python3.9/site-packages/smmap-5.0.0.dist-info/zip-safe
 create mode 100644 venv/lib/python3.9/site-packages/smmap/__init__.py
 create mode 100644 venv/lib/python3.9/site-packages/smmap/__pycache__/__init__.cpython-39.pyc
 create mode 100644 venv/lib/python3.9/site-packages/smmap/__pycache__/buf.cpython-39.pyc
 create mode 100644 venv/lib/python3.9/site-packages/smmap/__pycache__/mman.cpython-39.pyc
 create mode 100644 venv/lib/python3.9/site-packages/smmap/__pycache__/util.cpython-39.pyc
 create mode 100644 venv/lib/python3.9/site-packages/smmap/buf.py
 create mode 100644 venv/lib/python3.9/site-packages/smmap/mman.py
 create mode 100644 venv/lib/python3.9/site-packages/smmap/test/__init__.py
 create mode 100644 venv/lib/python3.9/site-packages/smmap/test/__pycache__/__init__.cpython-39.pyc
 create mode 100644 venv/lib/python3.9/site-packages/smmap/test/__pycache__/lib.cpython-39.pyc
 create mode 100644 venv/lib/python3.9/site-packages/smmap/test/__pycache__/test_buf.cpython-39.pyc
 create mode 100644 venv/lib/python3.9/site-packages/smmap/test/__pycache__/test_mman.cpython-39.pyc
 create mode 100644 venv/lib/python3.9/site-packages/smmap/test/__pycache__/test_tutorial.cpython-39.pyc
 create mode 100644 venv/lib/python3.9/site-packages/smmap/test/__pycache__/test_util.cpython-39.pyc
 create mode 100644 venv/lib/python3.9/site-packages/smmap/test/lib.py
 create mode 100644 venv/lib/python3.9/site-packages/smmap/test/test_buf.py
 create mode 100644 venv/lib/python3.9/site-packages/smmap/test/test_mman.py
 create mode 100644 venv/lib/python3.9/site-packages/smmap/test/test_tutorial.py
 create mode 100644 venv/lib/python3.9/site-packages/smmap/test/test_util.py
 create mode 100644 venv/lib/python3.9/site-packages/smmap/util.py
 create mode 100644 venv/lib/python3.9/site-packages/supervisor-4.2.5.dist-info/INSTALLER
 create mode 100644 venv/lib/python3.9/site-packages/supervisor-4.2.5.dist-info/LICENSES.txt
 create mode 100644 venv/lib/python3.9/site-packages/supervisor-4.2.5.dist-info/METADATA
 create mode 100644 venv/lib/python3.9/site-packages/supervisor-4.2.5.dist-info/RECORD
 create mode 100644 venv/lib/python3.9/site-packages/supervisor-4.2.5.dist-info/REQUESTED
 create mode 100644 venv/lib/python3.9/site-packages/supervisor-4.2.5.dist-info/WHEEL
 create mode 100644 venv/lib/python3.9/site-packages/supervisor-4.2.5.dist-info/entry_points.txt
 create mode 100644 venv/lib/python3.9/site-packages/supervisor-4.2.5.dist-info/top_level.txt
 create mode 100644 venv/lib/python3.9/site-packages/supervisor/__init__.py
 create mode 100644 venv/lib/python3.9/site-packages/supervisor/__pycache__/__init__.cpython-39.pyc
 create mode 100644 venv/lib/python3.9/site-packages/supervisor/__pycache__/childutils.cpython-39.pyc
 create mode 100644 venv/lib/python3.9/site-packages/supervisor/__pycache__/compat.cpython-39.pyc
 create mode 100644 venv/lib/python3.9/site-packages/supervisor/__pycache__/confecho.cpython-39.pyc
 create mode 100644 venv/lib/python3.9/site-packages/supervisor/__pycache__/datatypes.cpython-39.pyc
 create mode 100644 venv/lib/python3.9/site-packages/supervisor/__pycache__/dispatchers.cpython-39.pyc
 create mode 100644 venv/lib/python3.9/site-packages/supervisor/__pycache__/events.cpython-39.pyc
 create mode 100644 venv/lib/python3.9/site-packages/supervisor/__pycache__/http.cpython-39.pyc
 create mode 100644 venv/lib/python3.9/site-packages/supervisor/__pycache__/http_client.cpython-39.pyc
 create mode 100644 venv/lib/python3.9/site-packages/supervisor/__pycache__/loggers.cpython-39.pyc
 create mode 100644 venv/lib/python3.9/site-packages/supervisor/__pycache__/options.cpython-39.pyc
 create mode 100644 venv/lib/python3.9/site-packages/supervisor/__pycache__/pidproxy.cpython-39.pyc
 create mode 100644 venv/lib/python3.9/site-packages/supervisor/__pycache__/poller.cpython-39.pyc
 create mode 100644 venv/lib/python3.9/site-packages/supervisor/__pycache__/process.cpython-39.pyc
 create mode 100644 venv/lib/python3.9/site-packages/supervisor/__pycache__/rpcinterface.cpython-39.pyc
 create mode 100644 venv/lib/python3.9/site-packages/supervisor/__pycache__/socket_manager.cpython-39.pyc
 create mode 100644 venv/lib/python3.9/site-packages/supervisor/__pycache__/states.cpython-39.pyc
 create mode 100644 venv/lib/python3.9/site-packages/supervisor/__pycache__/supervisorctl.cpython-39.pyc
 create mode 100644 venv/lib/python3.9/site-packages/supervisor/__pycache__/supervisord.cpython-39.pyc
 create mode 100644 venv/lib/python3.9/site-packages/supervisor/__pycache__/templating.cpython-39.pyc
 create mode 100644 venv/lib/python3.9/site-packages/supervisor/__pycache__/web.cpython-39.pyc
 create mode 100644 venv/lib/python3.9/site-packages/supervisor/__pycache__/xmlrpc.cpython-39.pyc
 create mode 100644 venv/lib/python3.9/site-packages/supervisor/childutils.py
 create mode 100644 venv/lib/python3.9/site-packages/supervisor/compat.py
 create mode 100644 venv/lib/python3.9/site-packages/supervisor/confecho.py
 create mode 100644 venv/lib/python3.9/site-packages/supervisor/datatypes.py
 create mode 100644 venv/lib/python3.9/site-packages/supervisor/dispatchers.py
 create mode 100644 venv/lib/python3.9/site-packages/supervisor/events.py
 create mode 100644 venv/lib/python3.9/site-packages/supervisor/http.py
 create mode 100644 venv/lib/python3.9/site-packages/supervisor/http_client.py
 create mode 100644 venv/lib/python3.9/site-packages/supervisor/loggers.py
 create mode 100644 venv/lib/python3.9/site-packages/supervisor/medusa/__init__.py
 create mode 100644 venv/lib/python3.9/site-packages/supervisor/medusa/__pycache__/__init__.cpython-39.pyc
 create mode 100644 venv/lib/python3.9/site-packages/supervisor/medusa/__pycache__/asynchat_25.cpython-39.pyc
 create mode 100644 venv/lib/python3.9/site-packages/supervisor/medusa/__pycache__/asyncore_25.cpython-39.pyc
 create mode 100644 venv/lib/python3.9/site-packages/supervisor/medusa/__pycache__/auth_handler.cpython-39.pyc
 create mode 100644 venv/lib/python3.9/site-packages/supervisor/medusa/__pycache__/counter.cpython-39.pyc
 create mode 100644 venv/lib/python3.9/site-packages/supervisor/medusa/__pycache__/default_handler.cpython-39.pyc
 create mode 100644 venv/lib/python3.9/site-packages/supervisor/medusa/__pycache__/filesys.cpython-39.pyc
 create mode 100644 venv/lib/python3.9/site-packages/supervisor/medusa/__pycache__/http_date.cpython-39.pyc
 create mode 100644 venv/lib/python3.9/site-packages/supervisor/medusa/__pycache__/http_server.cpython-39.pyc
 create mode 100644 venv/lib/python3.9/site-packages/supervisor/medusa/__pycache__/logger.cpython-39.pyc
 create mode 100644 venv/lib/python3.9/site-packages/supervisor/medusa/__pycache__/producers.cpython-39.pyc
 create mode 100644 venv/lib/python3.9/site-packages/supervisor/medusa/__pycache__/util.cpython-39.pyc
 create mode 100644 venv/lib/python3.9/site-packages/supervisor/medusa/__pycache__/xmlrpc_handler.cpython-39.pyc
 create mode 100644 venv/lib/python3.9/site-packages/supervisor/medusa/asynchat_25.py
 create mode 100644 venv/lib/python3.9/site-packages/supervisor/medusa/asyncore_25.py
 create mode 100644 venv/lib/python3.9/site-packages/supervisor/medusa/auth_handler.py
 create mode 100644 venv/lib/python3.9/site-packages/supervisor/medusa/counter.py
 create mode 100644 venv/lib/python3.9/site-packages/supervisor/medusa/default_handler.py
 create mode 100644 venv/lib/python3.9/site-packages/supervisor/medusa/filesys.py
 create mode 100644 venv/lib/python3.9/site-packages/supervisor/medusa/http_date.py
 create mode 100644 venv/lib/python3.9/site-packages/supervisor/medusa/http_server.py
 create mode 100644 venv/lib/python3.9/site-packages/supervisor/medusa/logger.py
 create mode 100644 venv/lib/python3.9/site-packages/supervisor/medusa/producers.py
 create mode 100644 venv/lib/python3.9/site-packages/supervisor/medusa/util.py
 create mode 100644 venv/lib/python3.9/site-packages/supervisor/medusa/xmlrpc_handler.py
 create mode 100644 venv/lib/python3.9/site-packages/supervisor/options.py
 create mode 100644 venv/lib/python3.9/site-packages/supervisor/pidproxy.py
 create mode 100644 venv/lib/python3.9/site-packages/supervisor/poller.py
 create mode 100644 venv/lib/python3.9/site-packages/supervisor/process.py
 create mode 100644 venv/lib/python3.9/site-packages/supervisor/rpcinterface.py
 create mode 100644 venv/lib/python3.9/site-packages/supervisor/scripts/__pycache__/loop_eventgen.cpython-39.pyc
 create mode 100644 venv/lib/python3.9/site-packages/supervisor/scripts/__pycache__/loop_listener.cpython-39.pyc
 create mode 100644 venv/lib/python3.9/site-packages/supervisor/scripts/__pycache__/sample_commevent.cpython-39.pyc
 create mode 100644 venv/lib/python3.9/site-packages/supervisor/scripts/__pycache__/sample_eventlistener.cpython-39.pyc
 create mode 100644 venv/lib/python3.9/site-packages/supervisor/scripts/__pycache__/sample_exiting_eventlistener.cpython-39.pyc
 create mode 100755 venv/lib/python3.9/site-packages/supervisor/scripts/loop_eventgen.py
 create mode 100755 venv/lib/python3.9/site-packages/supervisor/scripts/loop_listener.py
 create mode 100755 venv/lib/python3.9/site-packages/supervisor/scripts/sample_commevent.py
 create mode 100755 venv/lib/python3.9/site-packages/supervisor/scripts/sample_eventlistener.py
 create mode 100755 venv/lib/python3.9/site-packages/supervisor/scripts/sample_exiting_eventlistener.py
 create mode 100644 venv/lib/python3.9/site-packages/supervisor/skel/sample.conf
 create mode 100644 venv/lib/python3.9/site-packages/supervisor/socket_manager.py
 create mode 100644 venv/lib/python3.9/site-packages/supervisor/states.py
 create mode 100644 venv/lib/python3.9/site-packages/supervisor/supervisorctl.py
 create mode 100644 venv/lib/python3.9/site-packages/supervisor/supervisord.py
 create mode 100644 venv/lib/python3.9/site-packages/supervisor/templating.py
 create mode 100644 venv/lib/python3.9/site-packages/supervisor/tests/__init__.py
 create mode 100644 venv/lib/python3.9/site-packages/supervisor/tests/__pycache__/__init__.cpython-39.pyc
 create mode 100644 venv/lib/python3.9/site-packages/supervisor/tests/__pycache__/base.cpython-39.pyc
 create mode 100644 venv/lib/python3.9/site-packages/supervisor/tests/__pycache__/test_childutils.cpython-39.pyc
 create mode 100644 venv/lib/python3.9/site-packages/supervisor/tests/__pycache__/test_confecho.cpython-39.pyc
 create mode 100644 venv/lib/python3.9/site-packages/supervisor/tests/__pycache__/test_datatypes.cpython-39.pyc
 create mode 100644 venv/lib/python3.9/site-packages/supervisor/tests/__pycache__/test_dispatchers.cpython-39.pyc
 create mode 100644 venv/lib/python3.9/site-packages/supervisor/tests/__pycache__/test_end_to_end.cpython-39.pyc
 create mode 100644 venv/lib/python3.9/site-packages/supervisor/tests/__pycache__/test_events.cpython-39.pyc
 create mode 100644 venv/lib/python3.9/site-packages/supervisor/tests/__pycache__/test_http.cpython-39.pyc
 create mode 100644 venv/lib/python3.9/site-packages/supervisor/tests/__pycache__/test_http_client.cpython-39.pyc
 create mode 100644 venv/lib/python3.9/site-packages/supervisor/tests/__pycache__/test_loggers.cpython-39.pyc
 create mode 100644 venv/lib/python3.9/site-packages/supervisor/tests/__pycache__/test_options.cpython-39.pyc
 create mode 100644 venv/lib/python3.9/site-packages/supervisor/tests/__pycache__/test_pidproxy.cpython-39.pyc
 create mode 100644 venv/lib/python3.9/site-packages/supervisor/tests/__pycache__/test_poller.cpython-39.pyc
 create mode 100644 venv/lib/python3.9/site-packages/supervisor/tests/__pycache__/test_process.cpython-39.pyc
 create mode 100644 venv/lib/python3.9/site-packages/supervisor/tests/__pycache__/test_rpcinterfaces.cpython-39.pyc
 create mode 100644 venv/lib/python3.9/site-packages/supervisor/tests/__pycache__/test_socket_manager.cpython-39.pyc
 create mode 100644 venv/lib/python3.9/site-packages/supervisor/tests/__pycache__/test_states.cpython-39.pyc
 create mode 100644 venv/lib/python3.9/site-packages/supervisor/tests/__pycache__/test_supervisorctl.cpython-39.pyc
 create mode 100644 venv/lib/python3.9/site-packages/supervisor/tests/__pycache__/test_supervisord.cpython-39.pyc
 create mode 100644 venv/lib/python3.9/site-packages/supervisor/tests/__pycache__/test_templating.cpython-39.pyc
 create mode 100644 venv/lib/python3.9/site-packages/supervisor/tests/__pycache__/test_web.cpython-39.pyc
 create mode 100644 venv/lib/python3.9/site-packages/supervisor/tests/__pycache__/test_xmlrpc.cpython-39.pyc
 create mode 100644 venv/lib/python3.9/site-packages/supervisor/tests/base.py
 create mode 100644 venv/lib/python3.9/site-packages/supervisor/tests/fixtures/__pycache__/listener.cpython-39.pyc
 create mode 100644 venv/lib/python3.9/site-packages/supervisor/tests/fixtures/__pycache__/print_env.cpython-39.pyc
 create mode 100644 venv/lib/python3.9/site-packages/supervisor/tests/fixtures/__pycache__/spew.cpython-39.pyc
 create mode 100644 venv/lib/python3.9/site-packages/supervisor/tests/fixtures/__pycache__/test_1231.cpython-39.pyc
 create mode 100644 venv/lib/python3.9/site-packages/supervisor/tests/fixtures/__pycache__/unkillable_spew.cpython-39.pyc
 create mode 100644 venv/lib/python3.9/site-packages/supervisor/tests/fixtures/donothing.conf
 create mode 100644 venv/lib/python3.9/site-packages/supervisor/tests/fixtures/example/included.conf
 create mode 100644 venv/lib/python3.9/site-packages/supervisor/tests/fixtures/include.conf
 create mode 100644 venv/lib/python3.9/site-packages/supervisor/tests/fixtures/issue-1054.conf
 create mode 100644 venv/lib/python3.9/site-packages/supervisor/tests/fixtures/issue-1170a.conf
 create mode 100644 venv/lib/python3.9/site-packages/supervisor/tests/fixtures/issue-1170b.conf
 create mode 100644 venv/lib/python3.9/site-packages/supervisor/tests/fixtures/issue-1170c.conf
 create mode 100644 venv/lib/python3.9/site-packages/supervisor/tests/fixtures/issue-1224.conf
 create mode 100644 venv/lib/python3.9/site-packages/supervisor/tests/fixtures/issue-1231a.conf
 create mode 100644 venv/lib/python3.9/site-packages/supervisor/tests/fixtures/issue-1231b.conf
 create mode 100644 venv/lib/python3.9/site-packages/supervisor/tests/fixtures/issue-1231c.conf
 create mode 100644 venv/lib/python3.9/site-packages/supervisor/tests/fixtures/issue-1298.conf
 create mode 100644 venv/lib/python3.9/site-packages/supervisor/tests/fixtures/issue-1483a.conf
 create mode 100644 venv/lib/python3.9/site-packages/supervisor/tests/fixtures/issue-1483b.conf
 create mode 100644 venv/lib/python3.9/site-packages/supervisor/tests/fixtures/issue-1483c.conf
 create mode 100644 venv/lib/python3.9/site-packages/supervisor/tests/fixtures/issue-291a.conf
 create mode 100644 venv/lib/python3.9/site-packages/supervisor/tests/fixtures/issue-550.conf
 create mode 100644 venv/lib/python3.9/site-packages/supervisor/tests/fixtures/issue-565.conf
 create mode 100644 venv/lib/python3.9/site-packages/supervisor/tests/fixtures/issue-638.conf
 create mode 100644 venv/lib/python3.9/site-packages/supervisor/tests/fixtures/issue-663.conf
 create mode 100644 venv/lib/python3.9/site-packages/supervisor/tests/fixtures/issue-664.conf
 create mode 100644 venv/lib/python3.9/site-packages/supervisor/tests/fixtures/issue-733.conf
 create mode 100644 venv/lib/python3.9/site-packages/supervisor/tests/fixtures/issue-835.conf
 create mode 100644 venv/lib/python3.9/site-packages/supervisor/tests/fixtures/issue-836.conf
 create mode 100644 venv/lib/python3.9/site-packages/supervisor/tests/fixtures/issue-986.conf
 create mode 100644 venv/lib/python3.9/site-packages/supervisor/tests/fixtures/listener.py
 create mode 100644 venv/lib/python3.9/site-packages/supervisor/tests/fixtures/print_env.py
 create mode 100755 venv/lib/python3.9/site-packages/supervisor/tests/fixtures/spew.py
 create mode 100644 venv/lib/python3.9/site-packages/supervisor/tests/fixtures/test_1231.py
 create mode 100755 venv/lib/python3.9/site-packages/supervisor/tests/fixtures/unkillable_spew.py
 create mode 100644 venv/lib/python3.9/site-packages/supervisor/tests/test_childutils.py
 create mode 100644 venv/lib/python3.9/site-packages/supervisor/tests/test_confecho.py
 create mode 100644 venv/lib/python3.9/site-packages/supervisor/tests/test_datatypes.py
 create mode 100644 venv/lib/python3.9/site-packages/supervisor/tests/test_dispatchers.py
 create mode 100644 venv/lib/python3.9/site-packages/supervisor/tests/test_end_to_end.py
 create mode 100644 venv/lib/python3.9/site-packages/supervisor/tests/test_events.py
 create mode 100644 venv/lib/python3.9/site-packages/supervisor/tests/test_http.py
 create mode 100644 venv/lib/python3.9/site-packages/supervisor/tests/test_http_client.py
 create mode 100644 venv/lib/python3.9/site-packages/supervisor/tests/test_loggers.py
 create mode 100644 venv/lib/python3.9/site-packages/supervisor/tests/test_options.py
 create mode 100644 venv/lib/python3.9/site-packages/supervisor/tests/test_pidproxy.py
 create mode 100644 venv/lib/python3.9/site-packages/supervisor/tests/test_poller.py
 create mode 100644 venv/lib/python3.9/site-packages/supervisor/tests/test_process.py
 create mode 100644 venv/lib/python3.9/site-packages/supervisor/tests/test_rpcinterfaces.py
 create mode 100644 venv/lib/python3.9/site-packages/supervisor/tests/test_socket_manager.py
 create mode 100644 venv/lib/python3.9/site-packages/supervisor/tests/test_states.py
 create mode 100644 venv/lib/python3.9/site-packages/supervisor/tests/test_supervisorctl.py
 create mode 100644 venv/lib/python3.9/site-packages/supervisor/tests/test_supervisord.py
 create mode 100644 venv/lib/python3.9/site-packages/supervisor/tests/test_templating.py
 create mode 100644 venv/lib/python3.9/site-packages/supervisor/tests/test_web.py
 create mode 100644 venv/lib/python3.9/site-packages/supervisor/tests/test_xmlrpc.py
 create mode 100644 venv/lib/python3.9/site-packages/supervisor/ui/images/icon.png
 create mode 100644 venv/lib/python3.9/site-packages/supervisor/ui/images/rule.gif
 create mode 100644 venv/lib/python3.9/site-packages/supervisor/ui/images/state0.gif
 create mode 100644 venv/lib/python3.9/site-packages/supervisor/ui/images/state1.gif
 create mode 100644 venv/lib/python3.9/site-packages/supervisor/ui/images/state2.gif
 create mode 100644 venv/lib/python3.9/site-packages/supervisor/ui/images/state3.gif
 create mode 100644 venv/lib/python3.9/site-packages/supervisor/ui/images/supervisor.gif
 create mode 100644 venv/lib/python3.9/site-packages/supervisor/ui/status.html
 create mode 100644 venv/lib/python3.9/site-packages/supervisor/ui/stylesheets/supervisor.css
 create mode 100644 venv/lib/python3.9/site-packages/supervisor/ui/tail.html
 create mode 100644 venv/lib/python3.9/site-packages/supervisor/version.txt
 create mode 100644 venv/lib/python3.9/site-packages/supervisor/web.py
 create mode 100644 venv/lib/python3.9/site-packages/supervisor/xmlrpc.py
 create mode 120000 venv/lib64
 create mode 100644 venv/pyvenv.cfg
 create mode 100644 venv/share/python-wheels/CacheControl-0.12.6-py2.py3-none-any.whl
 create mode 100644 venv/share/python-wheels/appdirs-1.4.4-py2.py3-none-any.whl
 create mode 100644 venv/share/python-wheels/certifi-2020.6.20-py2.py3-none-any.whl
 create mode 100644 venv/share/python-wheels/chardet-4.0.0-py2.py3-none-any.whl
 create mode 100644 venv/share/python-wheels/colorama-0.4.4-py2.py3-none-any.whl
 create mode 100644 venv/share/python-wheels/contextlib2-0.6.0.post1-py2.py3-none-any.whl
 create mode 100644 venv/share/python-wheels/distlib-0.3.1-py2.py3-none-any.whl
 create mode 100644 venv/share/python-wheels/distro-1.5.0-py2.py3-none-any.whl
 create mode 100644 venv/share/python-wheels/html5lib-1.1-py2.py3-none-any.whl
 create mode 100644 venv/share/python-wheels/idna-2.10-py2.py3-none-any.whl
 create mode 100644 venv/share/python-wheels/ipaddr-2.2.0-py2.py3-none-any.whl
 create mode 100644 venv/share/python-wheels/msgpack-1.0.0-py2.py3-none-any.whl
 create mode 100644 venv/share/python-wheels/packaging-20.9-py2.py3-none-any.whl
 create mode 100644 venv/share/python-wheels/pep517-0.9.1-py2.py3-none-any.whl
 create mode 100644 venv/share/python-wheels/pip-20.3.4-py2.py3-none-any.whl
 create mode 100644 venv/share/python-wheels/pkg_resources-0.0.0-py2.py3-none-any.whl
 create mode 100644 venv/share/python-wheels/progress-1.5-py2.py3-none-any.whl
 create mode 100644 venv/share/python-wheels/pyparsing-2.4.7-py2.py3-none-any.whl
 create mode 100644 venv/share/python-wheels/requests-2.25.1-py2.py3-none-any.whl
 create mode 100644 venv/share/python-wheels/resolvelib-0.5.4-py2.py3-none-any.whl
 create mode 100644 venv/share/python-wheels/retrying-1.3.3-py2.py3-none-any.whl
 create mode 100644 venv/share/python-wheels/setuptools-44.1.1-py2.py3-none-any.whl
 create mode 100644 venv/share/python-wheels/six-1.16.0-py2.py3-none-any.whl
 create mode 100644 venv/share/python-wheels/toml-0.10.1-py2.py3-none-any.whl
 create mode 100644 venv/share/python-wheels/urllib3-1.26.5-py2.py3-none-any.whl
 create mode 100644 venv/share/python-wheels/webencodings-0.5.1-py2.py3-none-any.whl
 create mode 100644 venv/share/python-wheels/wheel-0.34.2-py2.py3-none-any.whl
To github.com:BugWizard/ANS-OpenSu15.5RaspberryPie.git
   2a6fa24..ffa7b8f  main -> main
